<?xml version="1.0" encoding="UTF-8"?>
<!-- Generated by org.testng.reporters.JUnitXMLReporter -->
<testsuite ignored="1" hostname="DESKTOP-UTJ5NJN" failures="0" tests="2" name=" error configure" time="21.043" errors="0" timestamp="2026-02-15T15:25:42 IST">
  <testcase classname="rahulshettyacademy.ErrorValidationsdataproviderTest2" name="submitOrder" time="0.67"/>
  <testcase classname="rahulshettyacademy.ErrorValidationsdataproviderTest2" name="submitOrder" time="0.721"/>
  <testcase classname="rahulshettyacademy.ErrorValidationsdataproviderTest2" name="productErrorValidation" time="0.0">
    <ignored/>
  </testcase> <!-- productErrorValidation -->
</testsuite> <!--  error configure -->
