<?xml version="1.0" encoding="UTF-8"?>
<!-- Generated by org.testng.reporters.JUnitXMLReporter -->
<testsuite ignored="2" hostname="DESKTOP-UTJ5NJN" failures="0" tests="0" time="0.017" errors="0" timestamp="2026-02-15T14:12:40 IST">
  <testcase classname="rahulshettyacademy.StandAloneTest2" name="orderHistoryTest" time="0.0">
    <ignored/>
  </testcase> <!-- orderHistoryTest -->
  <testcase classname="rahulshettyacademy.StandAloneTest2" name="submitOrder" time="0.0">
    <ignored/>
  </testcase> <!-- submitOrder -->
</testsuite>
