<?xml version="1.0" encoding="UTF-8"?>
<!-- Generated by org.testng.reporters.JUnitXMLReporter -->
<testsuite ignored="1" hostname="DESKTOP-UTJ5NJN" failures="2" tests="4" name="Test" time="33.942" errors="0" timestamp="2026-02-16T15:52:22 IST">
  <testcase classname="rahulshettyacademy.ErrorValidationsretryanalyserTest5" name="submitOrder" time="0.734">
    <skipped/>
  </testcase> <!-- submitOrder -->
  <testcase classname="rahulshettyacademy.ErrorValidationsretryanalyserTest5" name="submitOrder" time="0.656">
    <failure type="java.lang.AssertionError" message="expected [Incorrect email or password.] but found [Incorrect email  password.]">
      <![CDATA[java.lang.AssertionError: expected [Incorrect email or password.] but found [Incorrect email  password.]
at rahulshettyacademy.ErrorValidationsretryanalyserTest5.submitOrder(ErrorValidationsretryanalyserTest5.java:28)
at java.base/java.util.ArrayList.forEach(ArrayList.java:1604)
... Removed 31 stack frames]]>
    </failure>
  </testcase> <!-- submitOrder -->
  <testcase classname="rahulshettyacademy.ErrorValidationsretryanalyserTest5" name="submitOrder" time="0.574">
    <skipped/>
  </testcase> <!-- submitOrder -->
  <testcase classname="rahulshettyacademy.ErrorValidationsretryanalyserTest5" name="submitOrder" time="0.554">
    <failure type="java.lang.AssertionError" message="expected [Incorrect email or password.] but found [Incorrect email  password.]">
      <![CDATA[java.lang.AssertionError: expected [Incorrect email or password.] but found [Incorrect email  password.]
at rahulshettyacademy.ErrorValidationsretryanalyserTest5.submitOrder(ErrorValidationsretryanalyserTest5.java:28)
at java.base/java.util.ArrayList.forEach(ArrayList.java:1604)
... Removed 31 stack frames]]>
    </failure>
  </testcase> <!-- submitOrder -->
  <testcase classname="rahulshettyacademy.ErrorValidationsretryanalyserTest5" name="productErrorValidation" time="0.0">
    <ignored/>
  </testcase> <!-- productErrorValidation -->
</testsuite> <!-- Test -->
