<?xml version="1.0" encoding="UTF-8"?>
<testng-results ignored="0" total="2" passed="2" failed="0" skipped="0">
  <reporter-output>
  </reporter-output>
  <suite started-at="2026-03-16T00:27:35 IST" name="Default suite" finished-at="2026-03-16T00:27:36 IST" duration-ms="526">
    <groups>
    </groups>
    <test started-at="2026-03-16T00:27:35 IST" name="Default test" finished-at="2026-03-16T00:27:36 IST" duration-ms="526">
      <class name="rahulshettyacademy.Dummy123">
        <test-method signature="hello(java.util.HashMap)[pri:0, instance:rahulshettyacademy.Dummy123@6379eb]" started-at="2026-03-16T00:27:36 IST" name="hello" data-provider="getData" finished-at="2026-03-16T00:27:36 IST" duration-ms="14" status="PASS">
          <params>
            <param index="0">
              <value>
                <![CDATA[{password=Arjun@856, email=arjunvkakade@gmail.com}]]>
              </value>
            </param>
          </params>
          <reporter-output>
          </reporter-output>
        </test-method> <!-- hello -->
        <test-method signature="hello(java.util.HashMap)[pri:0, instance:rahulshettyacademy.Dummy123@6379eb]" started-at="2026-03-16T00:27:36 IST" name="hello" data-provider="getData" finished-at="2026-03-16T00:27:36 IST" duration-ms="6" status="PASS">
          <params>
            <param index="0">
              <value>
                <![CDATA[{password=Arjun@0856, email=shettyacademy@gmail.com}]]>
              </value>
            </param>
          </params>
          <reporter-output>
          </reporter-output>
        </test-method> <!-- hello -->
      </class> <!-- rahulshettyacademy.Dummy123 -->
    </test> <!-- Default test -->
  </suite> <!-- Default suite -->
</testng-results>
