<?xml version="1.0" encoding="UTF-8"?>
<!-- Generated by org.testng.reporters.JUnitReportReporter -->
<testsuite hostname="DESKTOP-UTJ5NJN" failures="0" tests="2" name="rahulshettyacademy.StandAloneTest2" time="41.945" errors="0" timestamp="2026-02-19T12:45:37 IST" skipped="0">
  <testcase classname="rahulshettyacademy.StandAloneTest2" name="orderHistoryTest" time="8.331"/>
  <testcase classname="rahulshettyacademy.StandAloneTest2" name="submitOrder" time="33.614"/>
</testsuite> <!-- rahulshettyacademy.StandAloneTest2 -->
