<?xml version="1.0" encoding="UTF-8"?>
<!-- Generated by org.testng.reporters.JUnitReportReporter -->
<testsuite hostname="DESKTOP-UTJ5NJN" failures="0" tests="2" name="rahulshettyacademy.ErrorValidationsdataproviderTest2" time="20.952" errors="0" timestamp="2026-02-15T15:25:42 IST" skipped="0">
  <testcase classname="rahulshettyacademy.ErrorValidationsdataproviderTest2" name="submitOrder" time="10.888"/>
  <testcase classname="rahulshettyacademy.ErrorValidationsdataproviderTest2" name="submitOrder" time="10.064"/>
</testsuite> <!-- rahulshettyacademy.ErrorValidationsdataproviderTest2 -->
