<?xml version="1.0" encoding="UTF-8"?>
<!-- Generated by org.testng.reporters.JUnitReportReporter -->
<testsuite hostname="DESKTOP-UTJ5NJN" failures="0" tests="2" name="rahulshettyacademy.ErrorValidationsTest2" time="17.925" errors="0" timestamp="2026-02-15T14:20:55 IST" skipped="0">
  <testcase classname="rahulshettyacademy.ErrorValidationsTest2" name="submitOrder" time="9.084"/>
  <testcase classname="rahulshettyacademy.ErrorValidationsTest2" name="submitOrder" time="8.841"/>
</testsuite> <!-- rahulshettyacademy.ErrorValidationsTest2 -->
