<?xml version="1.0" encoding="UTF-8"?>
<!-- Generated by org.testng.reporters.JUnitReportReporter -->
<testsuite hostname="DESKTOP-UTJ5NJN" failures="0" tests="2" name="rahulshettyacademy.ErrorValidationshashmapTest3" time="17.592" errors="0" timestamp="2026-02-15T15:14:37 IST" skipped="0">
  <testcase classname="rahulshettyacademy.ErrorValidationshashmapTest3" name="submitOrder" time="8.167"/>
  <testcase classname="rahulshettyacademy.ErrorValidationshashmapTest3" name="submitOrder" time="9.425"/>
</testsuite> <!-- rahulshettyacademy.ErrorValidationshashmapTest3 -->
