<?xml version="1.0" encoding="UTF-8"?>
<!-- Generated by org.testng.reporters.JUnitReportReporter -->
<testsuite hostname="DESKTOP-UTJ5NJN" failures="0" tests="2" name="rahulshettyacademy.ErrorValidationsTest" time="29.711" errors="0" timestamp="2026-02-21T19:23:33 IST" skipped="0">
  <testcase classname="rahulshettyacademy.ErrorValidationsTest" name="productErrorValidation" time="23.019"/>
  <testcase classname="rahulshettyacademy.ErrorValidationsTest" name="submitOrder" time="6.692"/>
</testsuite> <!-- rahulshettyacademy.ErrorValidationsTest -->
